<?xml version="1.0" encoding="UTF-8"?>
<!-- Generated by org.testng.reporters.JUnitXMLReporter -->
<testsuite ignored="0" hostname="DESKTOP-TNMV2Q3" failures="1" tests="1" name="firstTest" time="5.815" errors="0" timestamp="2024-10-20T11:54:12 IST">
  <testcase classname="com.StarAgileTestNGdemos.D08Parameterization" name="login" time="0.0">
    <failure type="org.testng.TestNGException" message="
Parameter &amp;apos; username&amp;apos; is required by @Test on method login but has not been marked @Optional or defined
in D:\SeleniumCode\seleniumLearning\src\com\StarAgileTestNGdemos\X07Parameter.xml">
      <![CDATA[org.testng.TestNGException: 
Parameter ' username' is required by @Test on method login but has not been marked @Optional or defined
in D:\SeleniumCode\seleniumLearning\src\com\StarAgileTestNGdemos\X07Parameter.xml
at java.base/java.util.ArrayList.forEach(ArrayList.java:1596)
... Removed 26 stack frames]]>
    </failure>
  </testcase> <!-- login -->
</testsuite> <!-- firstTest -->
